     1 00000000                                 [FORMAT "WCOFF"]
     2 00000000                                 [INSTRSET "i486p"]
     3 00000000                                 [OPTIMIZE 1]
     4 00000000                                 [OPTION 1]
     5 00000000                                 [BITS 32]
     6 00000000                                 	EXTERN	_table_rgb.0
     7 00000000                                 	EXTERN	_io_load_eflags
     8 00000000                                 	EXTERN	_io_cli
     9 00000000                                 	EXTERN	_io_out8
    10 00000000                                 	EXTERN	_io_store_eflags
    11 00000000                                 	EXTERN	_task_now
    12 00000000                                 	EXTERN	_hankaku
    13 00000000                                 [FILE "graphic.c"]
    14                                          [SECTION .data]
    15 00000000                                 _table_rgb.0:
    16 00000000 00                              	DB	0
    17 00000001 00                              	DB	0
    18 00000002 00                              	DB	0
    19 00000003 FF                              	DB	-1
    20 00000004 00                              	DB	0
    21 00000005 00                              	DB	0
    22 00000006 00                              	DB	0
    23 00000007 FF                              	DB	-1
    24 00000008 00                              	DB	0
    25 00000009 FF                              	DB	-1
    26 0000000A FF                              	DB	-1
    27 0000000B 00                              	DB	0
    28 0000000C 00                              	DB	0
    29 0000000D 00                              	DB	0
    30 0000000E FF                              	DB	-1
    31 0000000F FF                              	DB	-1
    32 00000010 00                              	DB	0
    33 00000011 FF                              	DB	-1
    34 00000012 00                              	DB	0
    35 00000013 FF                              	DB	-1
    36 00000014 FF                              	DB	-1
    37 00000015 FF                              	DB	-1
    38 00000016 FF                              	DB	-1
    39 00000017 FF                              	DB	-1
    40 00000018 C6                              	DB	-58
    41 00000019 C6                              	DB	-58
    42 0000001A C6                              	DB	-58
    43 0000001B 84                              	DB	-124
    44 0000001C 00                              	DB	0
    45 0000001D 00                              	DB	0
    46 0000001E 00                              	DB	0
    47 0000001F 84                              	DB	-124
    48 00000020 00                              	DB	0
    49 00000021 84                              	DB	-124
    50 00000022 84                              	DB	-124
    51 00000023 00                              	DB	0
    52 00000024 00                              	DB	0
    53 00000025 00                              	DB	0
    54 00000026 84                              	DB	-124
    55 00000027 84                              	DB	-124
    56 00000028 00                              	DB	0
    57 00000029 84                              	DB	-124
    58 0000002A 00                              	DB	0
    59 0000002B 84                              	DB	-124
    60 0000002C 84                              	DB	-124
    61 0000002D 84                              	DB	-124
    62 0000002E 84                              	DB	-124
    63 0000002F 84                              	DB	-124
    64                                          [SECTION .text]
    65 00000000                                 	GLOBAL	_init_palette
    66 00000000                                 _init_palette:
    67 00000000 55                              	PUSH	EBP
    68 00000001 89 E5                           	MOV	EBP,ESP
    69 00000003 57                              	PUSH	EDI
    70 00000004 56                              	PUSH	ESI
    71 00000005 53                              	PUSH	EBX
    72 00000006 81 EC 000002A4                  	SUB	ESP,676
    73 0000000C 68 [00000000]                   	PUSH	_table_rgb.0
    74 00000011 6A 0F                           	PUSH	15
    75 00000013 6A 00                           	PUSH	0
    76 00000015 E8 000000B4                     	CALL	_set_palette
    77 0000001A 83 C4 0C                        	ADD	ESP,12
    78 0000001D C7 85 FFFFFD60 00000000         	MOV	DWORD [-672+EBP],0
    79 00000027 C7 85 FFFFFD5C 00000000         	MOV	DWORD [-676+EBP],0
    80 00000031 C7 85 FFFFFD58 00000000         	MOV	DWORD [-680+EBP],0
    81 0000003B                                 L16:
    82 0000003B 31 FF                           	XOR	EDI,EDI
    83 0000003D 31 F6                           	XOR	ESI,ESI
    84 0000003F 31 DB                           	XOR	EBX,EBX
    85 00000041                                 L15:
    86 00000041 31 D2                           	XOR	EDX,EDX
    87 00000043 C7 85 FFFFFD50 00000000         	MOV	DWORD [-688+EBP],0
    88 0000004D                                 L14:
    89 0000004D 8B 85 FFFFFD58                  	MOV	EAX,DWORD [-680+EBP]
    90 00000053 8A 8D FFFFFD50                  	MOV	CL,BYTE [-688+EBP]
    91 00000059 01 D8                           	ADD	EAX,EBX
    92 0000005B 01 D0                           	ADD	EAX,EDX
    93 0000005D 42                              	INC	EDX
    94 0000005E 6B C0 03                        	IMUL	EAX,EAX,3
    95 00000061 88 8C 05 FFFFFD64               	MOV	BYTE [-668+EBP+EAX*1],CL
    96 00000068 89 F1                           	MOV	ECX,ESI
    97 0000006A 88 8C 05 FFFFFD65               	MOV	BYTE [-667+EBP+EAX*1],CL
    98 00000071 8A 8D FFFFFD5C                  	MOV	CL,BYTE [-676+EBP]
    99 00000077 88 8C 05 FFFFFD66               	MOV	BYTE [-666+EBP+EAX*1],CL
   100 0000007E 83 85 FFFFFD50 33               	ADD	DWORD [-688+EBP],51
   101 00000085 83 FA 05                        	CMP	EDX,5
   102 00000088 7E C3                           	JLE	L14
   103 0000008A 47                              	INC	EDI
   104 0000008B 83 C6 33                        	ADD	ESI,51
   105 0000008E 83 C3 06                        	ADD	EBX,6
   106 00000091 83 FF 05                        	CMP	EDI,5
   107 00000094 7E AB                           	JLE	L15
   108 00000096 FF 85 FFFFFD60                  	INC	DWORD [-672+EBP]
   109 0000009C 83 85 FFFFFD5C 33               	ADD	DWORD [-676+EBP],51
   110 000000A3 83 85 FFFFFD58 24               	ADD	DWORD [-680+EBP],36
   111 000000AA 83 BD FFFFFD60 05               	CMP	DWORD [-672+EBP],5
   112 000000B1 7E 88                           	JLE	L16
   113 000000B3 8D 85 FFFFFD64                  	LEA	EAX,DWORD [-668+EBP]
   114 000000B9 50                              	PUSH	EAX
   115 000000BA 68 000000E7                     	PUSH	231
   116 000000BF 6A 10                           	PUSH	16
   117 000000C1 E8 00000008                     	CALL	_set_palette
   118 000000C6 8D 65 F4                        	LEA	ESP,DWORD [-12+EBP]
   119 000000C9 5B                              	POP	EBX
   120 000000CA 5E                              	POP	ESI
   121 000000CB 5F                              	POP	EDI
   122 000000CC 5D                              	POP	EBP
   123 000000CD C3                              	RET
   124 000000CE                                 	GLOBAL	_set_palette
   125 000000CE                                 _set_palette:
   126 000000CE 55                              	PUSH	EBP
   127 000000CF 89 E5                           	MOV	EBP,ESP
   128 000000D1 57                              	PUSH	EDI
   129 000000D2 56                              	PUSH	ESI
   130 000000D3 53                              	PUSH	EBX
   131 000000D4 51                              	PUSH	ECX
   132 000000D5 8B 5D 08                        	MOV	EBX,DWORD [8+EBP]
   133 000000D8 8B 7D 0C                        	MOV	EDI,DWORD [12+EBP]
   134 000000DB 8B 75 10                        	MOV	ESI,DWORD [16+EBP]
   135 000000DE E8 [00000000]                   	CALL	_io_load_eflags
   136 000000E3 89 45 F0                        	MOV	DWORD [-16+EBP],EAX
   137 000000E6 E8 [00000000]                   	CALL	_io_cli
   138 000000EB 53                              	PUSH	EBX
   139 000000EC 68 000003C8                     	PUSH	968
   140 000000F1 E8 [00000000]                   	CALL	_io_out8
   141 000000F6 39 FB                           	CMP	EBX,EDI
   142 000000F8 58                              	POP	EAX
   143 000000F9 5A                              	POP	EDX
   144 000000FA 7E 12                           	JLE	L28
   145 000000FC                                 L30:
   146 000000FC 8B 45 F0                        	MOV	EAX,DWORD [-16+EBP]
   147 000000FF 89 45 08                        	MOV	DWORD [8+EBP],EAX
   148 00000102 8D 65 F4                        	LEA	ESP,DWORD [-12+EBP]
   149 00000105 5B                              	POP	EBX
   150 00000106 5E                              	POP	ESI
   151 00000107 5F                              	POP	EDI
   152 00000108 5D                              	POP	EBP
   153 00000109 E9 [00000000]                   	JMP	_io_store_eflags
   154 0000010E                                 L28:
   155 0000010E 8A 06                           	MOV	AL,BYTE [ESI]
   156 00000110 43                              	INC	EBX
   157 00000111 C0 E8 02                        	SHR	AL,2
   158 00000114 0F B6 C0                        	MOVZX	EAX,AL
   159 00000117 50                              	PUSH	EAX
   160 00000118 68 000003C9                     	PUSH	969
   161 0000011D E8 [00000000]                   	CALL	_io_out8
   162 00000122 8A 46 01                        	MOV	AL,BYTE [1+ESI]
   163 00000125 C0 E8 02                        	SHR	AL,2
   164 00000128 0F B6 C0                        	MOVZX	EAX,AL
   165 0000012B 50                              	PUSH	EAX
   166 0000012C 68 000003C9                     	PUSH	969
   167 00000131 E8 [00000000]                   	CALL	_io_out8
   168 00000136 8A 46 02                        	MOV	AL,BYTE [2+ESI]
   169 00000139 C0 E8 02                        	SHR	AL,2
   170 0000013C 83 C6 03                        	ADD	ESI,3
   171 0000013F 0F B6 C0                        	MOVZX	EAX,AL
   172 00000142 50                              	PUSH	EAX
   173 00000143 68 000003C9                     	PUSH	969
   174 00000148 E8 [00000000]                   	CALL	_io_out8
   175 0000014D 83 C4 18                        	ADD	ESP,24
   176 00000150 39 FB                           	CMP	EBX,EDI
   177 00000152 7E BA                           	JLE	L28
   178 00000154 EB A6                           	JMP	L30
   179 00000156                                 	GLOBAL	_boxfill8
   180 00000156                                 _boxfill8:
   181 00000156 55                              	PUSH	EBP
   182 00000157 89 E5                           	MOV	EBP,ESP
   183 00000159 57                              	PUSH	EDI
   184 0000015A 56                              	PUSH	ESI
   185 0000015B 53                              	PUSH	EBX
   186 0000015C 57                              	PUSH	EDI
   187 0000015D 57                              	PUSH	EDI
   188 0000015E 8A 45 10                        	MOV	AL,BYTE [16+EBP]
   189 00000161 8B 4D 18                        	MOV	ECX,DWORD [24+EBP]
   190 00000164 8B 7D 1C                        	MOV	EDI,DWORD [28+EBP]
   191 00000167 88 45 F3                        	MOV	BYTE [-13+EBP],AL
   192 0000016A 3B 4D 20                        	CMP	ECX,DWORD [32+EBP]
   193 0000016D 7F 31                           	JG	L43
   194 0000016F 8B 5D 0C                        	MOV	EBX,DWORD [12+EBP]
   195 00000172 0F AF D9                        	IMUL	EBX,ECX
   196 00000175                                 L41:
   197 00000175 8B 55 14                        	MOV	EDX,DWORD [20+EBP]
   198 00000178 39 FA                           	CMP	EDX,EDI
   199 0000017A 7F 1B                           	JG	L45
   200 0000017C 8B 75 08                        	MOV	ESI,DWORD [8+EBP]
   201 0000017F 01 DE                           	ADD	ESI,EBX
   202 00000181 01 D6                           	ADD	ESI,EDX
   203 00000183 89 75 EC                        	MOV	DWORD [-20+EBP],ESI
   204 00000186                                 L40:
   205 00000186 8B 75 EC                        	MOV	ESI,DWORD [-20+EBP]
   206 00000189 8A 45 F3                        	MOV	AL,BYTE [-13+EBP]
   207 0000018C 42                              	INC	EDX
   208 0000018D 88 06                           	MOV	BYTE [ESI],AL
   209 0000018F 46                              	INC	ESI
   210 00000190 89 75 EC                        	MOV	DWORD [-20+EBP],ESI
   211 00000193 39 FA                           	CMP	EDX,EDI
   212 00000195 7E EF                           	JLE	L40
   213 00000197                                 L45:
   214 00000197 41                              	INC	ECX
   215 00000198 03 5D 0C                        	ADD	EBX,DWORD [12+EBP]
   216 0000019B 3B 4D 20                        	CMP	ECX,DWORD [32+EBP]
   217 0000019E 7E D5                           	JLE	L41
   218 000001A0                                 L43:
   219 000001A0 5B                              	POP	EBX
   220 000001A1 5E                              	POP	ESI
   221 000001A2 5B                              	POP	EBX
   222 000001A3 5E                              	POP	ESI
   223 000001A4 5F                              	POP	EDI
   224 000001A5 5D                              	POP	EBP
   225 000001A6 C3                              	RET
   226 000001A7                                 	GLOBAL	_init_screen8
   227 000001A7                                 _init_screen8:
   228 000001A7 55                              	PUSH	EBP
   229 000001A8 89 E5                           	MOV	EBP,ESP
   230 000001AA 8B 55 0C                        	MOV	EDX,DWORD [12+EBP]
   231 000001AD FF 75 10                        	PUSH	DWORD [16+EBP]
   232 000001B0 8D 42 FF                        	LEA	EAX,DWORD [-1+EDX]
   233 000001B3 50                              	PUSH	EAX
   234 000001B4 6A 00                           	PUSH	0
   235 000001B6 6A 00                           	PUSH	0
   236 000001B8 6A 00                           	PUSH	0
   237 000001BA 52                              	PUSH	EDX
   238 000001BB FF 75 08                        	PUSH	DWORD [8+EBP]
   239 000001BE E8 FFFFFF93                     	CALL	_boxfill8
   240 000001C3 C9                              	LEAVE
   241 000001C4 C3                              	RET
   242 000001C5                                 	GLOBAL	_putfont8
   243 000001C5                                 _putfont8:
   244 000001C5 55                              	PUSH	EBP
   245 000001C6 89 E5                           	MOV	EBP,ESP
   246 000001C8 57                              	PUSH	EDI
   247 000001C9 56                              	PUSH	ESI
   248 000001CA 31 F6                           	XOR	ESI,ESI
   249 000001CC 53                              	PUSH	EBX
   250 000001CD 8B 7D 1C                        	MOV	EDI,DWORD [28+EBP]
   251 000001D0 8A 5D 18                        	MOV	BL,BYTE [24+EBP]
   252 000001D3                                 L60:
   253 000001D3 8B 45 14                        	MOV	EAX,DWORD [20+EBP]
   254 000001D6 8B 55 10                        	MOV	EDX,DWORD [16+EBP]
   255 000001D9 01 F0                           	ADD	EAX,ESI
   256 000001DB 0F AF 45 0C                     	IMUL	EAX,DWORD [12+EBP]
   257 000001DF 03 45 08                        	ADD	EAX,DWORD [8+EBP]
   258 000001E2 8D 0C 02                        	LEA	ECX,DWORD [EDX+EAX*1]
   259 000001E5 8A 14 3E                        	MOV	DL,BYTE [ESI+EDI*1]
   260 000001E8 84 D2                           	TEST	DL,DL
   261 000001EA 79 02                           	JNS	L52
   262 000001EC 88 19                           	MOV	BYTE [ECX],BL
   263 000001EE                                 L52:
   264 000001EE 88 D0                           	MOV	AL,DL
   265 000001F0 83 E0 40                        	AND	EAX,64
   266 000001F3 84 C0                           	TEST	AL,AL
   267 000001F5 74 03                           	JE	L53
   268 000001F7 88 59 01                        	MOV	BYTE [1+ECX],BL
   269 000001FA                                 L53:
   270 000001FA 88 D0                           	MOV	AL,DL
   271 000001FC 83 E0 20                        	AND	EAX,32
   272 000001FF 84 C0                           	TEST	AL,AL
   273 00000201 74 03                           	JE	L54
   274 00000203 88 59 02                        	MOV	BYTE [2+ECX],BL
   275 00000206                                 L54:
   276 00000206 88 D0                           	MOV	AL,DL
   277 00000208 83 E0 10                        	AND	EAX,16
   278 0000020B 84 C0                           	TEST	AL,AL
   279 0000020D 74 03                           	JE	L55
   280 0000020F 88 59 03                        	MOV	BYTE [3+ECX],BL
   281 00000212                                 L55:
   282 00000212 88 D0                           	MOV	AL,DL
   283 00000214 83 E0 08                        	AND	EAX,8
   284 00000217 84 C0                           	TEST	AL,AL
   285 00000219 74 03                           	JE	L56
   286 0000021B 88 59 04                        	MOV	BYTE [4+ECX],BL
   287 0000021E                                 L56:
   288 0000021E 88 D0                           	MOV	AL,DL
   289 00000220 83 E0 04                        	AND	EAX,4
   290 00000223 84 C0                           	TEST	AL,AL
   291 00000225 74 03                           	JE	L57
   292 00000227 88 59 05                        	MOV	BYTE [5+ECX],BL
   293 0000022A                                 L57:
   294 0000022A 88 D0                           	MOV	AL,DL
   295 0000022C 83 E0 02                        	AND	EAX,2
   296 0000022F 84 C0                           	TEST	AL,AL
   297 00000231 74 03                           	JE	L58
   298 00000233 88 59 06                        	MOV	BYTE [6+ECX],BL
   299 00000236                                 L58:
   300 00000236 83 E2 01                        	AND	EDX,1
   301 00000239 84 D2                           	TEST	DL,DL
   302 0000023B 74 03                           	JE	L50
   303 0000023D 88 59 07                        	MOV	BYTE [7+ECX],BL
   304 00000240                                 L50:
   305 00000240 46                              	INC	ESI
   306 00000241 83 FE 0F                        	CMP	ESI,15
   307 00000244 7E 8D                           	JLE	L60
   308 00000246 5B                              	POP	EBX
   309 00000247 5E                              	POP	ESI
   310 00000248 5F                              	POP	EDI
   311 00000249 5D                              	POP	EBP
   312 0000024A C3                              	RET
   313 0000024B                                 	GLOBAL	_putfont32
   314 0000024B                                 _putfont32:
   315 0000024B 55                              	PUSH	EBP
   316 0000024C 89 E5                           	MOV	EBP,ESP
   317 0000024E 57                              	PUSH	EDI
   318 0000024F 56                              	PUSH	ESI
   319 00000250 53                              	PUSH	EBX
   320 00000251 83 EC 10                        	SUB	ESP,16
   321 00000254 8A 45 18                        	MOV	AL,BYTE [24+EBP]
   322 00000257 8B 55 10                        	MOV	EDX,DWORD [16+EBP]
   323 0000025A 88 45 F3                        	MOV	BYTE [-13+EBP],AL
   324 0000025D 8B 45 14                        	MOV	EAX,DWORD [20+EBP]
   325 00000260 0F AF 45 0C                     	IMUL	EAX,DWORD [12+EBP]
   326 00000264 03 45 08                        	ADD	EAX,DWORD [8+EBP]
   327 00000267 C7 45 E8 00000001               	MOV	DWORD [-24+EBP],1
   328 0000026E 8D 3C 02                        	LEA	EDI,DWORD [EDX+EAX*1]
   329 00000271 C7 45 EC 00000000               	MOV	DWORD [-20+EBP],0
   330 00000278                                 L80:
   331 00000278 31 DB                           	XOR	EBX,EBX
   332 0000027A                                 L73:
   333 0000027A 8B 4D 1C                        	MOV	ECX,DWORD [28+EBP]
   334 0000027D 8B 45 EC                        	MOV	EAX,DWORD [-20+EBP]
   335 00000280 0F BE 14 08                     	MOVSX	EDX,BYTE [EAX+ECX*1]
   336 00000284 B8 00000080                     	MOV	EAX,128
   337 00000289 88 D9                           	MOV	CL,BL
   338 0000028B D3 F8                           	SAR	EAX,CL
   339 0000028D 85 C2                           	TEST	EDX,EAX
   340 0000028F 74 16                           	JE	L70
   341 00000291 8B 45 EC                        	MOV	EAX,DWORD [-20+EBP]
   342 00000294 BA 00000002                     	MOV	EDX,2
   343 00000299 89 D1                           	MOV	ECX,EDX
   344 0000029B 99                              	CDQ
   345 0000029C F7 F9                           	IDIV	ECX
   346 0000029E 8A 45 F3                        	MOV	AL,BYTE [-13+EBP]
   347 000002A1 8D 14 D3                        	LEA	EDX,DWORD [EBX+EDX*8]
   348 000002A4 88 04 3A                        	MOV	BYTE [EDX+EDI*1],AL
   349 000002A7                                 L70:
   350 000002A7 43                              	INC	EBX
   351 000002A8 83 FB 07                        	CMP	EBX,7
   352 000002AB 7E CD                           	JLE	L73
   353 000002AD 31 DB                           	XOR	EBX,EBX
   354 000002AF                                 L78:
   355 000002AF 8B 45 EC                        	MOV	EAX,DWORD [-20+EBP]
   356 000002B2 BA 00000002                     	MOV	EDX,2
   357 000002B7 89 D1                           	MOV	ECX,EDX
   358 000002B9 99                              	CDQ
   359 000002BA F7 F9                           	IDIV	ECX
   360 000002BC C1 E2 03                        	SAL	EDX,3
   361 000002BF 8D 0C 13                        	LEA	ECX,DWORD [EBX+EDX*1]
   362 000002C2 29 DA                           	SUB	EDX,EBX
   363 000002C4 43                              	INC	EBX
   364 000002C5 0F BE 34 39                     	MOVSX	ESI,BYTE [ECX+EDI*1]
   365 000002C9 8A 44 3A 07                     	MOV	AL,BYTE [7+EDX+EDI*1]
   366 000002CD 83 FB 03                        	CMP	EBX,3
   367 000002D0 88 04 39                        	MOV	BYTE [ECX+EDI*1],AL
   368 000002D3 89 F0                           	MOV	EAX,ESI
   369 000002D5 88 44 3A 07                     	MOV	BYTE [7+EDX+EDI*1],AL
   370 000002D9 7E D4                           	JLE	L78
   371 000002DB F7 45 EC 00000001               	TEST	DWORD [-20+EBP],1
   372 000002E2 74 16                           	JE	L66
   373 000002E4 8B 45 14                        	MOV	EAX,DWORD [20+EBP]
   374 000002E7 8B 55 10                        	MOV	EDX,DWORD [16+EBP]
   375 000002EA 03 45 E8                        	ADD	EAX,DWORD [-24+EBP]
   376 000002ED FF 45 E8                        	INC	DWORD [-24+EBP]
   377 000002F0 0F AF 45 0C                     	IMUL	EAX,DWORD [12+EBP]
   378 000002F4 03 45 08                        	ADD	EAX,DWORD [8+EBP]
   379 000002F7 8D 3C 02                        	LEA	EDI,DWORD [EDX+EAX*1]
   380 000002FA                                 L66:
   381 000002FA FF 45 EC                        	INC	DWORD [-20+EBP]
   382 000002FD 83 7D EC 0F                     	CMP	DWORD [-20+EBP],15
   383 00000301 0F 8E FFFFFF71                  	JLE	L80
   384 00000307 C7 45 EC 00000000               	MOV	DWORD [-20+EBP],0
   385 0000030E                                 L97:
   386 0000030E 31 DB                           	XOR	EBX,EBX
   387 00000310                                 L90:
   388 00000310 8B 4D 20                        	MOV	ECX,DWORD [32+EBP]
   389 00000313 8B 45 EC                        	MOV	EAX,DWORD [-20+EBP]
   390 00000316 0F BE 14 08                     	MOVSX	EDX,BYTE [EAX+ECX*1]
   391 0000031A B8 00000080                     	MOV	EAX,128
   392 0000031F 88 D9                           	MOV	CL,BL
   393 00000321 D3 F8                           	SAR	EAX,CL
   394 00000323 85 C2                           	TEST	EDX,EAX
   395 00000325 74 16                           	JE	L87
   396 00000327 8B 45 EC                        	MOV	EAX,DWORD [-20+EBP]
   397 0000032A BA 00000002                     	MOV	EDX,2
   398 0000032F 89 D1                           	MOV	ECX,EDX
   399 00000331 99                              	CDQ
   400 00000332 F7 F9                           	IDIV	ECX
   401 00000334 8A 45 F3                        	MOV	AL,BYTE [-13+EBP]
   402 00000337 8D 14 D3                        	LEA	EDX,DWORD [EBX+EDX*8]
   403 0000033A 88 04 3A                        	MOV	BYTE [EDX+EDI*1],AL
   404 0000033D                                 L87:
   405 0000033D 43                              	INC	EBX
   406 0000033E 83 FB 07                        	CMP	EBX,7
   407 00000341 7E CD                           	JLE	L90
   408 00000343 31 DB                           	XOR	EBX,EBX
   409 00000345                                 L95:
   410 00000345 8B 45 EC                        	MOV	EAX,DWORD [-20+EBP]
   411 00000348 BA 00000002                     	MOV	EDX,2
   412 0000034D 89 D1                           	MOV	ECX,EDX
   413 0000034F 99                              	CDQ
   414 00000350 F7 F9                           	IDIV	ECX
   415 00000352 C1 E2 03                        	SAL	EDX,3
   416 00000355 8D 0C 13                        	LEA	ECX,DWORD [EBX+EDX*1]
   417 00000358 29 DA                           	SUB	EDX,EBX
   418 0000035A 43                              	INC	EBX
   419 0000035B 0F BE 34 39                     	MOVSX	ESI,BYTE [ECX+EDI*1]
   420 0000035F 8A 44 3A 07                     	MOV	AL,BYTE [7+EDX+EDI*1]
   421 00000363 83 FB 03                        	CMP	EBX,3
   422 00000366 88 04 39                        	MOV	BYTE [ECX+EDI*1],AL
   423 00000369 89 F0                           	MOV	EAX,ESI
   424 0000036B 88 44 3A 07                     	MOV	BYTE [7+EDX+EDI*1],AL
   425 0000036F 7E D4                           	JLE	L95
   426 00000371 F7 45 EC 00000001               	TEST	DWORD [-20+EBP],1
   427 00000378 74 16                           	JE	L83
   428 0000037A 8B 45 14                        	MOV	EAX,DWORD [20+EBP]
   429 0000037D 8B 55 10                        	MOV	EDX,DWORD [16+EBP]
   430 00000380 03 45 E8                        	ADD	EAX,DWORD [-24+EBP]
   431 00000383 FF 45 E8                        	INC	DWORD [-24+EBP]
   432 00000386 0F AF 45 0C                     	IMUL	EAX,DWORD [12+EBP]
   433 0000038A 03 45 08                        	ADD	EAX,DWORD [8+EBP]
   434 0000038D 8D 3C 02                        	LEA	EDI,DWORD [EDX+EAX*1]
   435 00000390                                 L83:
   436 00000390 FF 45 EC                        	INC	DWORD [-20+EBP]
   437 00000393 83 7D EC 0F                     	CMP	DWORD [-20+EBP],15
   438 00000397 0F 8E FFFFFF71                  	JLE	L97
   439 0000039D 83 C4 10                        	ADD	ESP,16
   440 000003A0 5B                              	POP	EBX
   441 000003A1 5E                              	POP	ESI
   442 000003A2 5F                              	POP	EDI
   443 000003A3 5D                              	POP	EBP
   444 000003A4 C3                              	RET
   445 000003A5                                 	GLOBAL	_putfonts8_asc
   446 000003A5                                 _putfonts8_asc:
   447 000003A5 55                              	PUSH	EBP
   448 000003A6 89 E5                           	MOV	EBP,ESP
   449 000003A8 57                              	PUSH	EDI
   450 000003A9 56                              	PUSH	ESI
   451 000003AA 53                              	PUSH	EBX
   452 000003AB 83 EC 0C                        	SUB	ESP,12
   453 000003AE 8A 45 18                        	MOV	AL,BYTE [24+EBP]
   454 000003B1 8B 7D 1C                        	MOV	EDI,DWORD [28+EBP]
   455 000003B4 88 45 F3                        	MOV	BYTE [-13+EBP],AL
   456 000003B7 E8 [00000000]                   	CALL	_task_now
   457 000003BC 8B 15 00000FE8                  	MOV	EDX,DWORD [4072]
   458 000003C2 89 45 EC                        	MOV	DWORD [-20+EBP],EAX
   459 000003C5 89 55 E8                        	MOV	DWORD [-24+EBP],EDX
   460 000003C8 80 B8 000000BC 00               	CMP	BYTE [188+EAX],0
   461 000003CF 75 09                           	JNE	L111
   462 000003D1 80 3F 00                        	CMP	BYTE [EDI],0
   463 000003D4 0F 85 00000296                  	JNE	L116
   464 000003DA                                 L111:
   465 000003DA 8B 4D EC                        	MOV	ECX,DWORD [-20+EBP]
   466 000003DD 80 B9 000000BC 01               	CMP	BYTE [188+ECX],1
   467 000003E4 0F 84 0000017F                  	JE	L158
   468 000003EA                                 L117:
   469 000003EA 8B 4D EC                        	MOV	ECX,DWORD [-20+EBP]
   470 000003ED 80 B9 000000BC 02               	CMP	BYTE [188+ECX],2
   471 000003F4 0F 84 000000B1                  	JE	L159
   472 000003FA                                 L134:
   473 000003FA 8B 4D EC                        	MOV	ECX,DWORD [-20+EBP]
   474 000003FD 80 B9 000000BC 03               	CMP	BYTE [188+ECX],3
   475 00000404 74 08                           	JE	L160
   476 00000406                                 L110:
   477 00000406 8D 65 F4                        	LEA	ESP,DWORD [-12+EBP]
   478 00000409 5B                              	POP	EBX
   479 0000040A 5E                              	POP	ESI
   480 0000040B 5F                              	POP	EDI
   481 0000040C 5D                              	POP	EBP
   482 0000040D C3                              	RET
   483 0000040E                                 L160:
   484 0000040E 80 3F 00                        	CMP	BYTE [EDI],0
   485 00000411 74 F3                           	JE	L110
   486 00000413                                 L153:
   487 00000413 8B 55 EC                        	MOV	EDX,DWORD [-20+EBP]
   488 00000416 8A 82 000000BD                  	MOV	AL,BYTE [189+EDX]
   489 0000041C 84 C0                           	TEST	AL,AL
   490 0000041E 75 45                           	JNE	L149
   491 00000420 8A 17                           	MOV	DL,BYTE [EDI]
   492 00000422 8D 42 5F                        	LEA	EAX,DWORD [95+EDX]
   493 00000425 3C 5D                           	CMP	AL,93
   494 00000427 77 15                           	JA	L150
   495 00000429 8B 4D EC                        	MOV	ECX,DWORD [-20+EBP]
   496 0000042C 88 91 000000BD                  	MOV	BYTE [189+ECX],DL
   497 00000432                                 L152:
   498 00000432 83 45 10 08                     	ADD	DWORD [16+EBP],8
   499 00000436 47                              	INC	EDI
   500 00000437 80 3F 00                        	CMP	BYTE [EDI],0
   501 0000043A 75 D7                           	JNE	L153
   502 0000043C EB C8                           	JMP	L110
   503 0000043E                                 L150:
   504 0000043E 0F B6 C2                        	MOVZX	EAX,DL
   505 00000441 C1 E0 04                        	SAL	EAX,4
   506 00000444 05 [00000000]                   	ADD	EAX,_hankaku
   507 00000449 50                              	PUSH	EAX
   508 0000044A 0F BE 45 F3                     	MOVSX	EAX,BYTE [-13+EBP]
   509 0000044E 50                              	PUSH	EAX
   510 0000044F FF 75 14                        	PUSH	DWORD [20+EBP]
   511 00000452 FF 75 10                        	PUSH	DWORD [16+EBP]
   512 00000455 FF 75 0C                        	PUSH	DWORD [12+EBP]
   513 00000458 FF 75 08                        	PUSH	DWORD [8+EBP]
   514 0000045B E8 FFFFFD65                     	CALL	_putfont8
   515 00000460 83 C4 18                        	ADD	ESP,24
   516 00000463 EB CD                           	JMP	L152
   517 00000465                                 L149:
   518 00000465 0F B6 C0                        	MOVZX	EAX,AL
   519 00000468 6B C0 5E                        	IMUL	EAX,EAX,94
   520 0000046B 0F B6 17                        	MOVZX	EDX,BYTE [EDI]
   521 0000046E 8B 4D EC                        	MOV	ECX,DWORD [-20+EBP]
   522 00000471 8D 84 02 FFFFC441               	LEA	EAX,DWORD [-15295+EDX+EAX*1]
   523 00000478 C6 81 000000BD 00               	MOV	BYTE [189+ECX],0
   524 0000047F C1 E0 05                        	SAL	EAX,5
   525 00000482 8B 55 E8                        	MOV	EDX,DWORD [-24+EBP]
   526 00000485 01 C2                           	ADD	EDX,EAX
   527 00000487 8D 42 10                        	LEA	EAX,DWORD [16+EDX]
   528 0000048A 50                              	PUSH	EAX
   529 0000048B 52                              	PUSH	EDX
   530 0000048C 0F BE 45 F3                     	MOVSX	EAX,BYTE [-13+EBP]
   531 00000490 50                              	PUSH	EAX
   532 00000491 8B 45 10                        	MOV	EAX,DWORD [16+EBP]
   533 00000494 FF 75 14                        	PUSH	DWORD [20+EBP]
   534 00000497 83 E8 08                        	SUB	EAX,8
   535 0000049A 50                              	PUSH	EAX
   536 0000049B FF 75 0C                        	PUSH	DWORD [12+EBP]
   537 0000049E FF 75 08                        	PUSH	DWORD [8+EBP]
   538 000004A1 E8 FFFFFDA5                     	CALL	_putfont32
   539 000004A6 83 C4 1C                        	ADD	ESP,28
   540 000004A9 EB 87                           	JMP	L152
   541 000004AB                                 L159:
   542 000004AB 80 3F 00                        	CMP	BYTE [EDI],0
   543 000004AE 0F 84 FFFFFF46                  	JE	L134
   544 000004B4                                 L143:
   545 000004B4 8B 55 EC                        	MOV	EDX,DWORD [-20+EBP]
   546 000004B7 8A 82 000000BD                  	MOV	AL,BYTE [189+EDX]
   547 000004BD 84 C0                           	TEST	AL,AL
   548 000004BF 75 46                           	JNE	L139
   549 000004C1 8A 17                           	MOV	DL,BYTE [EDI]
   550 000004C3 8D 42 7F                        	LEA	EAX,DWORD [127+EDX]
   551 000004C6 3C 7D                           	CMP	AL,125
   552 000004C8 77 18                           	JA	L140
   553 000004CA 8B 4D EC                        	MOV	ECX,DWORD [-20+EBP]
   554 000004CD 88 91 000000BD                  	MOV	BYTE [189+ECX],DL
   555 000004D3                                 L142:
   556 000004D3 83 45 10 08                     	ADD	DWORD [16+EBP],8
   557 000004D7 47                              	INC	EDI
   558 000004D8 80 3F 00                        	CMP	BYTE [EDI],0
   559 000004DB 75 D7                           	JNE	L143
   560 000004DD E9 FFFFFF18                     	JMP	L134
   561 000004E2                                 L140:
   562 000004E2 0F B6 C2                        	MOVZX	EAX,DL
   563 000004E5 C1 E0 04                        	SAL	EAX,4
   564 000004E8 03 45 E8                        	ADD	EAX,DWORD [-24+EBP]
   565 000004EB 50                              	PUSH	EAX
   566 000004EC 0F BE 45 F3                     	MOVSX	EAX,BYTE [-13+EBP]
   567 000004F0 50                              	PUSH	EAX
   568 000004F1 FF 75 14                        	PUSH	DWORD [20+EBP]
   569 000004F4 FF 75 10                        	PUSH	DWORD [16+EBP]
   570 000004F7 FF 75 0C                        	PUSH	DWORD [12+EBP]
   571 000004FA FF 75 08                        	PUSH	DWORD [8+EBP]
   572 000004FD E8 FFFFFCC3                     	CALL	_putfont8
   573 00000502 83 C4 18                        	ADD	ESP,24
   574 00000505 EB CC                           	JMP	L142
   575 00000507                                 L139:
   576 00000507 0F B6 D8                        	MOVZX	EBX,AL
   577 0000050A 6B DB 5E                        	IMUL	EBX,EBX,94
   578 0000050D 0F B6 07                        	MOVZX	EAX,BYTE [EDI]
   579 00000510 8B 55 EC                        	MOV	EDX,DWORD [-20+EBP]
   580 00000513 8D 9C 18 FFFFC441               	LEA	EBX,DWORD [-15295+EAX+EBX*1]
   581 0000051A C6 82 000000BD 00               	MOV	BYTE [189+EDX],0
   582 00000521 C1 E3 05                        	SAL	EBX,5
   583 00000524 8B 45 10                        	MOV	EAX,DWORD [16+EBP]
   584 00000527 03 5D E8                        	ADD	EBX,DWORD [-24+EBP]
   585 0000052A 83 E8 08                        	SUB	EAX,8
   586 0000052D 0F BE 75 F3                     	MOVSX	ESI,BYTE [-13+EBP]
   587 00000531 8D 93 00001000                  	LEA	EDX,DWORD [4096+EBX]
   588 00000537 81 C3 00001010                  	ADD	EBX,4112
   589 0000053D 52                              	PUSH	EDX
   590 0000053E 56                              	PUSH	ESI
   591 0000053F FF 75 14                        	PUSH	DWORD [20+EBP]
   592 00000542 50                              	PUSH	EAX
   593 00000543 FF 75 0C                        	PUSH	DWORD [12+EBP]
   594 00000546 FF 75 08                        	PUSH	DWORD [8+EBP]
   595 00000549 E8 FFFFFC77                     	CALL	_putfont8
   596 0000054E 53                              	PUSH	EBX
   597 0000054F 56                              	PUSH	ESI
   598 00000550 FF 75 14                        	PUSH	DWORD [20+EBP]
   599 00000553 FF 75 10                        	PUSH	DWORD [16+EBP]
   600 00000556 FF 75 0C                        	PUSH	DWORD [12+EBP]
   601 00000559 FF 75 08                        	PUSH	DWORD [8+EBP]
   602 0000055C E8 FFFFFC64                     	CALL	_putfont8
   603 00000561 83 C4 30                        	ADD	ESP,48
   604 00000564 E9 FFFFFF6A                     	JMP	L142
   605 00000569                                 L158:
   606 00000569 80 3F 00                        	CMP	BYTE [EDI],0
   607 0000056C 0F 84 FFFFFE78                  	JE	L117
   608 00000572                                 L133:
   609 00000572 8B 45 EC                        	MOV	EAX,DWORD [-20+EBP]
   610 00000575 8A 90 000000BD                  	MOV	DL,BYTE [189+EAX]
   611 0000057B 84 D2                           	TEST	DL,DL
   612 0000057D 75 4D                           	JNE	L122
   613 0000057F 8A 17                           	MOV	DL,BYTE [EDI]
   614 00000581 8D 42 7F                        	LEA	EAX,DWORD [127+EDX]
   615 00000584 3C 1E                           	CMP	AL,30
   616 00000586 76 07                           	JBE	L124
   617 00000588 8D 42 20                        	LEA	EAX,DWORD [32+EDX]
   618 0000058B 3C 1C                           	CMP	AL,28
   619 0000058D 77 18                           	JA	L123
   620 0000058F                                 L124:
   621 0000058F 8B 4D EC                        	MOV	ECX,DWORD [-20+EBP]
   622 00000592 88 91 000000BD                  	MOV	BYTE [189+ECX],DL
   623 00000598                                 L126:
   624 00000598 83 45 10 08                     	ADD	DWORD [16+EBP],8
   625 0000059C 47                              	INC	EDI
   626 0000059D 80 3F 00                        	CMP	BYTE [EDI],0
   627 000005A0 75 D0                           	JNE	L133
   628 000005A2 E9 FFFFFE43                     	JMP	L117
   629 000005A7                                 L123:
   630 000005A7 0F B6 C2                        	MOVZX	EAX,DL
   631 000005AA C1 E0 04                        	SAL	EAX,4
   632 000005AD 03 45 E8                        	ADD	EAX,DWORD [-24+EBP]
   633 000005B0 50                              	PUSH	EAX
   634 000005B1 0F BE 45 F3                     	MOVSX	EAX,BYTE [-13+EBP]
   635 000005B5 50                              	PUSH	EAX
   636 000005B6 FF 75 14                        	PUSH	DWORD [20+EBP]
   637 000005B9 FF 75 10                        	PUSH	DWORD [16+EBP]
   638 000005BC FF 75 0C                        	PUSH	DWORD [12+EBP]
   639 000005BF FF 75 08                        	PUSH	DWORD [8+EBP]
   640 000005C2 E8 FFFFFBFE                     	CALL	_putfont8
   641 000005C7 83 C4 18                        	ADD	ESP,24
   642 000005CA EB CC                           	JMP	L126
   643 000005CC                                 L122:
   644 000005CC 8D 42 7F                        	LEA	EAX,DWORD [127+EDX]
   645 000005CF 3C 1E                           	CMP	AL,30
   646 000005D1 0F 87 0000008A                  	JA	L127
   647 000005D7 0F B6 C2                        	MOVZX	EAX,DL
   648 000005DA 8D 8C 00 FFFFFEFE               	LEA	ECX,DWORD [-258+EAX+EAX*1]
   649 000005E1                                 L128:
   650 000005E1 8A 17                           	MOV	DL,BYTE [EDI]
   651 000005E3 8D 42 C0                        	LEA	EAX,DWORD [-64+EDX]
   652 000005E6 3C 3E                           	CMP	AL,62
   653 000005E8 77 5D                           	JA	L129
   654 000005EA 0F B6 C2                        	MOVZX	EAX,DL
   655 000005ED 83 E8 40                        	SUB	EAX,64
   656 000005F0                                 L130:
   657 000005F0 6B D9 5E                        	IMUL	EBX,ECX,94
   658 000005F3 8B 55 EC                        	MOV	EDX,DWORD [-20+EBP]
   659 000005F6 01 C3                           	ADD	EBX,EAX
   660 000005F8 C1 E3 05                        	SAL	EBX,5
   661 000005FB C6 82 000000BD 00               	MOV	BYTE [189+EDX],0
   662 00000602 03 5D E8                        	ADD	EBX,DWORD [-24+EBP]
   663 00000605 8B 45 10                        	MOV	EAX,DWORD [16+EBP]
   664 00000608 0F BE 75 F3                     	MOVSX	ESI,BYTE [-13+EBP]
   665 0000060C 83 E8 08                        	SUB	EAX,8
   666 0000060F 8D 93 00001000                  	LEA	EDX,DWORD [4096+EBX]
   667 00000615 81 C3 00001010                  	ADD	EBX,4112
   668 0000061B 52                              	PUSH	EDX
   669 0000061C 56                              	PUSH	ESI
   670 0000061D FF 75 14                        	PUSH	DWORD [20+EBP]
   671 00000620 50                              	PUSH	EAX
   672 00000621 FF 75 0C                        	PUSH	DWORD [12+EBP]
   673 00000624 FF 75 08                        	PUSH	DWORD [8+EBP]
   674 00000627 E8 FFFFFB99                     	CALL	_putfont8
   675 0000062C 53                              	PUSH	EBX
   676 0000062D 56                              	PUSH	ESI
   677 0000062E FF 75 14                        	PUSH	DWORD [20+EBP]
   678 00000631 FF 75 10                        	PUSH	DWORD [16+EBP]
   679 00000634 FF 75 0C                        	PUSH	DWORD [12+EBP]
   680 00000637 FF 75 08                        	PUSH	DWORD [8+EBP]
   681 0000063A E8 FFFFFB86                     	CALL	_putfont8
   682 0000063F 83 C4 30                        	ADD	ESP,48
   683 00000642 E9 FFFFFF51                     	JMP	L126
   684 00000647                                 L129:
   685 00000647 8D 42 80                        	LEA	EAX,DWORD [-128+EDX]
   686 0000064A 3C 1E                           	CMP	AL,30
   687 0000064C 77 08                           	JA	L131
   688 0000064E 0F B6 C2                        	MOVZX	EAX,DL
   689 00000651 83 E8 41                        	SUB	EAX,65
   690 00000654 EB 9A                           	JMP	L130
   691 00000656                                 L131:
   692 00000656 0F B6 C2                        	MOVZX	EAX,DL
   693 00000659 2D 0000009F                     	SUB	EAX,159
   694 0000065E 41                              	INC	ECX
   695 0000065F EB 8F                           	JMP	L130
   696 00000661                                 L127:
   697 00000661 0F B6 C2                        	MOVZX	EAX,DL
   698 00000664 8D 8C 00 FFFFFE7E               	LEA	ECX,DWORD [-386+EAX+EAX*1]
   699 0000066B E9 FFFFFF71                     	JMP	L128
   700 00000670                                 L116:
   701 00000670 0F B6 07                        	MOVZX	EAX,BYTE [EDI]
   702 00000673 C1 E0 04                        	SAL	EAX,4
   703 00000676 47                              	INC	EDI
   704 00000677 05 [00000000]                   	ADD	EAX,_hankaku
   705 0000067C 50                              	PUSH	EAX
   706 0000067D 0F BE 45 F3                     	MOVSX	EAX,BYTE [-13+EBP]
   707 00000681 50                              	PUSH	EAX
   708 00000682 FF 75 14                        	PUSH	DWORD [20+EBP]
   709 00000685 FF 75 10                        	PUSH	DWORD [16+EBP]
   710 00000688 FF 75 0C                        	PUSH	DWORD [12+EBP]
   711 0000068B FF 75 08                        	PUSH	DWORD [8+EBP]
   712 0000068E E8 FFFFFB32                     	CALL	_putfont8
   713 00000693 83 C4 18                        	ADD	ESP,24
   714 00000696 83 45 10 08                     	ADD	DWORD [16+EBP],8
   715 0000069A 80 3F 00                        	CMP	BYTE [EDI],0
   716 0000069D 75 D1                           	JNE	L116
   717 0000069F E9 FFFFFD36                     	JMP	L111
   718                                          [SECTION .data]
   719 00000030                                 _cursor.1:
   720 00000030 4F 4F 2E 2E 2E 2E 2E 2E 2E 2E   	DB	"OO.............."
       0000003A 2E 2E 2E 2E 2E 2E 
   721 00000040 4F 2A 4F 2E 2E 2E 2E 2E 2E 2E   	DB	"O*O............."
       0000004A 2E 2E 2E 2E 2E 2E 
   722 00000050 4F 2A 2A 4F 2E 2E 2E 2E 2E 2E   	DB	"O**O............"
       0000005A 2E 2E 2E 2E 2E 2E 
   723 00000060 4F 2A 2A 2A 4F 2E 2E 2E 2E 2E   	DB	"O***O..........."
       0000006A 2E 2E 2E 2E 2E 2E 
   724 00000070 4F 2A 2A 2A 2A 4F 2E 2E 2E 2E   	DB	"O****O.........."
       0000007A 2E 2E 2E 2E 2E 2E 
   725 00000080 4F 2A 2A 2A 2A 2A 4F 2E 2E 2E   	DB	"O*****O........."
       0000008A 2E 2E 2E 2E 2E 2E 
   726 00000090 4F 2A 2A 2A 2A 2A 2A 4F 2E 2E   	DB	"O******O........"
       0000009A 2E 2E 2E 2E 2E 2E 
   727 000000A0 4F 2A 2A 2A 2A 2A 2A 2A 4F 2E   	DB	"O*******O......."
       000000AA 2E 2E 2E 2E 2E 2E 
   728 000000B0 4F 2A 2A 2A 2A 2A 2A 2A 2A 4F   	DB	"O********O......"
       000000BA 2E 2E 2E 2E 2E 2E 
   729 000000C0 4F 2A 2A 2A 2A 2A 4F 4F 4F 4F   	DB	"O*****OOOOO....."
       000000CA 4F 2E 2E 2E 2E 2E 
   730 000000D0 4F 2A 2A 4F 2A 2A 4F 2E 2E 2E   	DB	"O**O**O........."
       000000DA 2E 2E 2E 2E 2E 2E 
   731 000000E0 4F 2A 4F 2E 4F 2A 2A 4F 2E 2E   	DB	"O*O.O**O........"
       000000EA 2E 2E 2E 2E 2E 2E 
   732 000000F0 4F 4F 2E 2E 4F 2A 2A 4F 2E 2E   	DB	"OO..O**O........"
       000000FA 2E 2E 2E 2E 2E 2E 
   733 00000100 4F 2E 2E 2E 2E 4F 2A 2A 4F 2E   	DB	"O....O**O......."
       0000010A 2E 2E 2E 2E 2E 2E 
   734 00000110 2E 2E 2E 2E 2E 4F 2A 2A 4F 2E   	DB	".....O**O......."
       0000011A 2E 2E 2E 2E 2E 2E 
   735 00000120 2E 2E 2E 2E 2E 2E 4F 4F 2E 2E   	DB	"......OO........"
       0000012A 2E 2E 2E 2E 2E 2E 
   736                                          [SECTION .text]
   737 000006A4                                 	GLOBAL	_init_mouse_cursor8
   738 000006A4                                 _init_mouse_cursor8:
   739 000006A4 55                              	PUSH	EBP
   740 000006A5 89 E5                           	MOV	EBP,ESP
   741 000006A7 57                              	PUSH	EDI
   742 000006A8 56                              	PUSH	ESI
   743 000006A9 31 FF                           	XOR	EDI,EDI
   744 000006AB 53                              	PUSH	EBX
   745 000006AC 31 DB                           	XOR	EBX,EBX
   746 000006AE 50                              	PUSH	EAX
   747 000006AF 8A 45 0C                        	MOV	AL,BYTE [12+EBP]
   748 000006B2 8B 75 08                        	MOV	ESI,DWORD [8+EBP]
   749 000006B5 88 45 F3                        	MOV	BYTE [-13+EBP],AL
   750 000006B8                                 L174:
   751 000006B8 31 D2                           	XOR	EDX,EDX
   752 000006BA                                 L173:
   753 000006BA 8D 04 3A                        	LEA	EAX,DWORD [EDX+EDI*1]
   754 000006BD 80 B8 [00000030] 2A             	CMP	BYTE [_cursor.1+EAX],42
   755 000006C4 74 35                           	JE	L179
   756 000006C6                                 L170:
   757 000006C6 80 B8 [00000030] 4F             	CMP	BYTE [_cursor.1+EAX],79
   758 000006CD 74 26                           	JE	L180
   759 000006CF                                 L171:
   760 000006CF 80 B8 [00000030] 2E             	CMP	BYTE [_cursor.1+EAX],46
   761 000006D6 74 15                           	JE	L181
   762 000006D8                                 L168:
   763 000006D8 42                              	INC	EDX
   764 000006D9 83 FA 0F                        	CMP	EDX,15
   765 000006DC 7E DC                           	JLE	L173
   766 000006DE 43                              	INC	EBX
   767 000006DF 83 C7 10                        	ADD	EDI,16
   768 000006E2 83 FB 0F                        	CMP	EBX,15
   769 000006E5 7E D1                           	JLE	L174
   770 000006E7 58                              	POP	EAX
   771 000006E8 5B                              	POP	EBX
   772 000006E9 5E                              	POP	ESI
   773 000006EA 5F                              	POP	EDI
   774 000006EB 5D                              	POP	EBP
   775 000006EC C3                              	RET
   776 000006ED                                 L181:
   777 000006ED 8A 4D F3                        	MOV	CL,BYTE [-13+EBP]
   778 000006F0 88 0C 30                        	MOV	BYTE [EAX+ESI*1],CL
   779 000006F3 EB E3                           	JMP	L168
   780 000006F5                                 L180:
   781 000006F5 C6 04 30 07                     	MOV	BYTE [EAX+ESI*1],7
   782 000006F9 EB D4                           	JMP	L171
   783 000006FB                                 L179:
   784 000006FB C6 04 30 00                     	MOV	BYTE [EAX+ESI*1],0
   785 000006FF EB C5                           	JMP	L170
   786 00000701                                 	GLOBAL	_putblock8_8
   787 00000701                                 _putblock8_8:
   788 00000701 55                              	PUSH	EBP
   789 00000702 89 E5                           	MOV	EBP,ESP
   790 00000704 57                              	PUSH	EDI
   791 00000705 56                              	PUSH	ESI
   792 00000706 31 F6                           	XOR	ESI,ESI
   793 00000708 53                              	PUSH	EBX
   794 00000709 83 EC 0C                        	SUB	ESP,12
   795 0000070C 3B 75 14                        	CMP	ESI,DWORD [20+EBP]
   796 0000070F 7D 3E                           	JGE	L194
   797 00000711 31 FF                           	XOR	EDI,EDI
   798 00000713                                 L192:
   799 00000713 31 DB                           	XOR	EBX,EBX
   800 00000715 3B 5D 10                        	CMP	EBX,DWORD [16+EBP]
   801 00000718 7D 2C                           	JGE	L196
   802 0000071A 8B 45 20                        	MOV	EAX,DWORD [32+EBP]
   803 0000071D 01 F8                           	ADD	EAX,EDI
   804 0000071F 89 45 EC                        	MOV	DWORD [-20+EBP],EAX
   805 00000722                                 L191:
   806 00000722 8B 45 1C                        	MOV	EAX,DWORD [28+EBP]
   807 00000725 8B 55 18                        	MOV	EDX,DWORD [24+EBP]
   808 00000728 01 F0                           	ADD	EAX,ESI
   809 0000072A 01 DA                           	ADD	EDX,EBX
   810 0000072C 0F AF 45 0C                     	IMUL	EAX,DWORD [12+EBP]
   811 00000730 01 D0                           	ADD	EAX,EDX
   812 00000732 8B 4D 08                        	MOV	ECX,DWORD [8+EBP]
   813 00000735 8B 55 EC                        	MOV	EDX,DWORD [-20+EBP]
   814 00000738 43                              	INC	EBX
   815 00000739 8A 12                           	MOV	DL,BYTE [EDX]
   816 0000073B 88 14 08                        	MOV	BYTE [EAX+ECX*1],DL
   817 0000073E FF 45 EC                        	INC	DWORD [-20+EBP]
   818 00000741 3B 5D 10                        	CMP	EBX,DWORD [16+EBP]
   819 00000744 7C DC                           	JL	L191
   820 00000746                                 L196:
   821 00000746 46                              	INC	ESI
   822 00000747 03 7D 24                        	ADD	EDI,DWORD [36+EBP]
   823 0000074A 3B 75 14                        	CMP	ESI,DWORD [20+EBP]
   824 0000074D 7C C4                           	JL	L192
   825 0000074F                                 L194:
   826 0000074F 83 C4 0C                        	ADD	ESP,12
   827 00000752 5B                              	POP	EBX
   828 00000753 5E                              	POP	ESI
   829 00000754 5F                              	POP	EDI
   830 00000755 5D                              	POP	EBP
   831 00000756 C3                              	RET
